<?xml version="1.0" encoding="UTF-8"?>
<testsuite xmlns:xsi="http://www.w3.org/2001/XMLSchema-instance" xsi:noNamespaceSchemaLocation="https://maven.apache.org/surefire/maven-surefire-plugin/xsd/surefire-test-report.xsd" name="com.complexible.common.csv.DependencyTest" time="1.001" tests="3" errors="0" skipped="0" failures="0">
  <properties>
[...]
</properties>
  <testcase name="sanityCheck" classname="com.complexible.common.csv.DependencyTest" time="0.02"/>
  <testcase name="formatDetectionTest" classname="com.complexible.common.csv.DependencyTest" time="0.848"/>
  <testcase name="createWriterTest" classname="com.complexible.common.csv.DependencyTest" time="0.009"/>
</testsuite>